[2025-09-18 12:06:14Z INFO HostContext] No proxy settings were found based on environmental variables (http_proxy/https_proxy/HTTP_PROXY/HTTPS_PROXY)
[2025-09-18 12:06:14Z INFO HostContext] Well known directory 'Bin': 'D:\GITHUB_Folder\login-test\actions-runner\bin'
[2025-09-18 12:06:14Z INFO HostContext] Well known directory 'Root': 'D:\GITHUB_Folder\login-test\actions-runner'
[2025-09-18 12:06:14Z INFO HostContext] Well known config file 'Credentials': 'D:\GITHUB_Folder\login-test\actions-runner\.credentials'
[2025-09-18 12:06:14Z INFO HostContext] Well known directory 'Bin': 'D:\GITHUB_Folder\login-test\actions-runner\bin'
[2025-09-18 12:06:14Z INFO HostContext] Well known directory 'Root': 'D:\GITHUB_Folder\login-test\actions-runner'
[2025-09-18 12:06:14Z INFO HostContext] Well known config file 'Runner': 'D:\GITHUB_Folder\login-test\actions-runner\.runner'
[2025-09-18 12:06:14Z INFO Listener] Runner is built for Windows (X64) - win-x64.
[2025-09-18 12:06:14Z INFO Listener] RuntimeInformation: Microsoft Windows 10.0.26100.
[2025-09-18 12:06:14Z INFO Listener] Version: 2.328.0
[2025-09-18 12:06:14Z INFO Listener] Commit: 6f9a9110adce65f44ca6f7c0ae142b9cc6af937b
[2025-09-18 12:06:14Z INFO Listener] Culture: en-US
[2025-09-18 12:06:14Z INFO Listener] UI Culture: en-US
[2025-09-18 12:06:14Z INFO HostContext] Well known directory 'Bin': 'D:\GITHUB_Folder\login-test\actions-runner\bin'
[2025-09-18 12:06:14Z INFO HostContext] Well known directory 'Root': 'D:\GITHUB_Folder\login-test\actions-runner'
[2025-09-18 12:06:14Z INFO Listener] Validating directory permissions for: 'D:\GITHUB_Folder\login-test\actions-runner'
[2025-09-18 12:06:14Z INFO CommandLineParser] Parse
[2025-09-18 12:06:14Z INFO CommandLineParser] Parsing 1 args
[2025-09-18 12:06:14Z INFO CommandLineParser] parsing argument
[2025-09-18 12:06:14Z INFO CommandLineParser] HasArgs: False
[2025-09-18 12:06:14Z INFO CommandLineParser] Adding Command: run
[2025-09-18 12:06:14Z INFO Listener] Arguments parsed
[2025-09-18 12:06:14Z INFO Runner] ExecuteCommand
[2025-09-18 12:06:14Z INFO ConfigurationStore] currentAssemblyLocation: D:\GITHUB_Folder\login-test\actions-runner\bin\Runner.Listener.dll
[2025-09-18 12:06:14Z INFO HostContext] Well known directory 'Bin': 'D:\GITHUB_Folder\login-test\actions-runner\bin'
[2025-09-18 12:06:14Z INFO ConfigurationStore] binPath: D:\GITHUB_Folder\login-test\actions-runner\bin
[2025-09-18 12:06:14Z INFO HostContext] Well known directory 'Bin': 'D:\GITHUB_Folder\login-test\actions-runner\bin'
[2025-09-18 12:06:14Z INFO HostContext] Well known directory 'Root': 'D:\GITHUB_Folder\login-test\actions-runner'
[2025-09-18 12:06:14Z INFO ConfigurationStore] RootFolder: D:\GITHUB_Folder\login-test\actions-runner
[2025-09-18 12:06:14Z INFO HostContext] Well known directory 'Bin': 'D:\GITHUB_Folder\login-test\actions-runner\bin'
[2025-09-18 12:06:14Z INFO HostContext] Well known directory 'Root': 'D:\GITHUB_Folder\login-test\actions-runner'
[2025-09-18 12:06:14Z INFO HostContext] Well known config file 'Runner': 'D:\GITHUB_Folder\login-test\actions-runner\.runner'
[2025-09-18 12:06:14Z INFO ConfigurationStore] ConfigFilePath: D:\GITHUB_Folder\login-test\actions-runner\.runner
[2025-09-18 12:06:14Z INFO HostContext] Well known directory 'Bin': 'D:\GITHUB_Folder\login-test\actions-runner\bin'
[2025-09-18 12:06:14Z INFO HostContext] Well known directory 'Root': 'D:\GITHUB_Folder\login-test\actions-runner'
[2025-09-18 12:06:14Z INFO HostContext] Well known config file 'MigratedRunner': 'D:\GITHUB_Folder\login-test\actions-runner\.runner_migrated'
[2025-09-18 12:06:14Z INFO ConfigurationStore] MigratedConfigFilePath: D:\GITHUB_Folder\login-test\actions-runner\.runner_migrated
[2025-09-18 12:06:14Z INFO HostContext] Well known directory 'Bin': 'D:\GITHUB_Folder\login-test\actions-runner\bin'
[2025-09-18 12:06:14Z INFO HostContext] Well known directory 'Root': 'D:\GITHUB_Folder\login-test\actions-runner'
[2025-09-18 12:06:14Z INFO HostContext] Well known config file 'Credentials': 'D:\GITHUB_Folder\login-test\actions-runner\.credentials'
[2025-09-18 12:06:14Z INFO ConfigurationStore] CredFilePath: D:\GITHUB_Folder\login-test\actions-runner\.credentials
[2025-09-18 12:06:14Z INFO HostContext] Well known directory 'Bin': 'D:\GITHUB_Folder\login-test\actions-runner\bin'
[2025-09-18 12:06:14Z INFO HostContext] Well known directory 'Root': 'D:\GITHUB_Folder\login-test\actions-runner'
[2025-09-18 12:06:14Z INFO HostContext] Well known config file 'MigratedCredentials': 'D:\GITHUB_Folder\login-test\actions-runner\.credentials_migrated'
[2025-09-18 12:06:14Z INFO ConfigurationStore] MigratedCredFilePath: D:\GITHUB_Folder\login-test\actions-runner\.credentials_migrated
[2025-09-18 12:06:14Z INFO HostContext] Well known directory 'Bin': 'D:\GITHUB_Folder\login-test\actions-runner\bin'
[2025-09-18 12:06:14Z INFO HostContext] Well known directory 'Root': 'D:\GITHUB_Folder\login-test\actions-runner'
[2025-09-18 12:06:14Z INFO HostContext] Well known config file 'Service': 'D:\GITHUB_Folder\login-test\actions-runner\.service'
[2025-09-18 12:06:14Z INFO ConfigurationStore] ServiceConfigFilePath: D:\GITHUB_Folder\login-test\actions-runner\.service
[2025-09-18 12:06:14Z INFO CommandSettings] Flag 'help': 'False'
[2025-09-18 12:06:14Z INFO CommandSettings] Flag 'version': 'False'
[2025-09-18 12:06:14Z INFO CommandSettings] Flag 'commit': 'False'
[2025-09-18 12:06:14Z INFO CommandSettings] Flag 'check': 'False'
[2025-09-18 12:06:14Z INFO CommandSettings] Command 'configure': 'False'
[2025-09-18 12:06:14Z INFO CommandSettings] Command 'remove': 'False'
[2025-09-18 12:06:14Z INFO CommandSettings] Command 'warmup': 'False'
[2025-09-18 12:06:14Z INFO ConfigurationManager] LoadSettings
[2025-09-18 12:06:14Z INFO ConfigurationStore] IsConfigured()
[2025-09-18 12:06:14Z INFO ConfigurationStore] IsConfigured: False
[2025-09-18 12:06:14Z INFO ConfigurationManager] Is configured: False
[2025-09-18 12:06:14Z ERR  Terminal] WRITE ERROR: An error occurred: Not configured. Run config.(sh/cmd) to configure the runner.
[2025-09-18 12:06:14Z ERR  Listener] GitHub.Runner.Common.NonRetryableException: Not configured. Run config.(sh/cmd) to configure the runner.
   at GitHub.Runner.Listener.Configuration.ConfigurationManager.LoadSettings()
   at GitHub.Runner.Listener.Runner.ExecuteCommand(CommandSettings command)
   at GitHub.Runner.Listener.Program.MainAsync(IHostContext context, String[] args)
